  main.c
C:\Users\82107\source\Treasure\Treasure\Treasure\func.h(86,15): warning C4013: 'checkMap'이(가) 정의되지 않았습니다. extern은 int형을 반환하는 것으로 간주합니다.
C:\Users\82107\source\Treasure\Treasure\Treasure\func.h(187,16): warning C4090: '함수': 'const' 한정자가 서로 다릅니다.
C:\Users\82107\source\Treasure\Treasure\Treasure\func.h(187,26): warning C4090: '함수': 'const' 한정자가 서로 다릅니다.
C:\Users\82107\source\Treasure\Treasure\Treasure\func.h(187,48): warning C4090: '함수': 'const' 한정자가 서로 다릅니다.
C:\Users\82107\source\Treasure\Treasure\Treasure\func.h(202,17): warning C4090: '함수': 'const' 한정자가 서로 다릅니다.
C:\Users\82107\source\Treasure\Treasure\Treasure\func.h(202,46): warning C4090: '함수': 'const' 한정자가 서로 다릅니다.
C:\Users\82107\source\Treasure\Treasure\Treasure\func.h(205,10): warning C4090: '함수': 'const' 한정자가 서로 다릅니다.
C:\Users\82107\source\Treasure\Treasure\Treasure\func.h(205,13): warning C4090: '함수': 'const' 한정자가 서로 다릅니다.
C:\Users\82107\source\Treasure\Treasure\Treasure\func.h(208,31): warning C4090: '함수': 'const' 한정자가 서로 다릅니다.
C:\Users\82107\source\Treasure\Treasure\Treasure\func.h(208,47): warning C4090: '함수': 'const' 한정자가 서로 다릅니다.
C:\Users\82107\source\Treasure\Treasure\Treasure\func.h(208,50): warning C4090: '함수': 'const' 한정자가 서로 다릅니다.
C:\Users\82107\source\Treasure\Treasure\Treasure\func.h(211,14): warning C4090: '함수': 'const' 한정자가 서로 다릅니다.
C:\Users\82107\source\Treasure\Treasure\Treasure\func.h(292,18): warning C4090: '함수': 'const' 한정자가 서로 다릅니다.
C:\Users\82107\source\Treasure\Treasure\Treasure\func.h(292,28): warning C4090: '함수': 'const' 한정자가 서로 다릅니다.
C:\Users\82107\source\Treasure\Treasure\Treasure\func.h(292,50): warning C4090: '함수': 'const' 한정자가 서로 다릅니다.
C:\Users\82107\source\Treasure\Treasure\Treasure\func.h(325,29): warning C4090: '함수': 'const' 한정자가 서로 다릅니다.
C:\Users\82107\source\Treasure\Treasure\Treasure\func.h(325,39): warning C4090: '함수': 'const' 한정자가 서로 다릅니다.
C:\Users\82107\source\Treasure\Treasure\Treasure\main.c(6,18): warning C4244: '함수': 'time_t'에서 'unsigned int'(으)로 변환하면서 데이터가 손실될 수 있습니다.
  코드를 생성하고 있습니다.
  3 of 34 functions ( 8.8%) were compiled, the rest were copied from previous compilation.
    0 functions were new in current compilation
    14 functions had inline decision re-evaluated but remain unchanged
  코드를 생성했습니다.
  Treasure.vcxproj -> C:\Users\82107\source\Treasure\Treasure\Release\Treasure.exe
